<?xml version="1.0" encoding="UTF-8"?>
<testng-results total="7" passed="7" failed="0" skipped="0">
  <reporter-output>
  </reporter-output>
  <suite started-at="2024-08-27T16:30:51Z" name="Test Suite for Buildout" finished-at="2024-08-27T16:32:14Z" duration-ms="82587">
    <groups>
    </groups>
    <test started-at="2024-08-27T16:30:51Z" name="Test Cases for Buildout" finished-at="2024-08-27T16:32:14Z" duration-ms="82587">
      <class name="demo.TestCases">
        <test-method is-config="true" signature="startBrowser()[pri:0, instance:demo.TestCases@781f10f2]" started-at="2024-08-27T22:00:51Z" name="startBrowser" finished-at="2024-08-27T22:01:00Z" duration-ms="8474" status="PASS">
          <reporter-output>
          </reporter-output>
        </test-method> <!-- startBrowser -->
        <test-method signature="testCase01()[pri:0, instance:demo.TestCases@781f10f2]" started-at="2024-08-27T22:01:00Z" name="testCase01" finished-at="2024-08-27T22:01:10Z" duration-ms="10393" status="PASS">
          <reporter-output>
          </reporter-output>
        </test-method> <!-- testCase01 -->
        <test-method signature="testCase02()[pri:0, instance:demo.TestCases@781f10f2]" started-at="2024-08-27T22:01:10Z" name="testCase02" finished-at="2024-08-27T22:01:26Z" duration-ms="15597" status="PASS">
          <reporter-output>
          </reporter-output>
        </test-method> <!-- testCase02 -->
        <test-method signature="testCase03()[pri:0, instance:demo.TestCases@781f10f2]" started-at="2024-08-27T22:01:26Z" name="testCase03" finished-at="2024-08-27T22:01:32Z" duration-ms="5663" status="PASS">
          <reporter-output>
          </reporter-output>
        </test-method> <!-- testCase03 -->
        <test-method signature="testCase04()[pri:0, instance:demo.TestCases@781f10f2]" started-at="2024-08-27T22:01:32Z" name="testCase04" finished-at="2024-08-27T22:01:50Z" duration-ms="18190" status="PASS">
          <reporter-output>
          </reporter-output>
        </test-method> <!-- testCase04 -->
        <test-method signature="testCase05(java.lang.String)[pri:0, instance:demo.TestCases@781f10f2]" started-at="2024-08-27T22:01:55Z" name="testCase05" data-provider="excelData" finished-at="2024-08-27T22:02:00Z" duration-ms="4823" status="PASS">
          <params>
            <param index="0">
              <value>
                <![CDATA[Movies]]>
              </value>
            </param>
          </params>
          <reporter-output>
          </reporter-output>
        </test-method> <!-- testCase05 -->
        <test-method signature="testCase05(java.lang.String)[pri:0, instance:demo.TestCases@781f10f2]" started-at="2024-08-27T22:02:00Z" name="testCase05" data-provider="excelData" finished-at="2024-08-27T22:02:07Z" duration-ms="7607" status="PASS">
          <params>
            <param index="0">
              <value>
                <![CDATA[Music]]>
              </value>
            </param>
          </params>
          <reporter-output>
          </reporter-output>
        </test-method> <!-- testCase05 -->
        <test-method signature="testCase05(java.lang.String)[pri:0, instance:demo.TestCases@781f10f2]" started-at="2024-08-27T22:02:07Z" name="testCase05" data-provider="excelData" finished-at="2024-08-27T22:02:12Z" duration-ms="4616" status="PASS">
          <params>
            <param index="0">
              <value>
                <![CDATA[Games]]>
              </value>
            </param>
          </params>
          <reporter-output>
          </reporter-output>
        </test-method> <!-- testCase05 -->
        <test-method is-config="true" signature="closeBrowser()[pri:0, instance:demo.TestCases@781f10f2]" started-at="2024-08-27T22:02:12Z" name="closeBrowser" finished-at="2024-08-27T22:02:14Z" duration-ms="2089" status="PASS">
          <reporter-output>
          </reporter-output>
        </test-method> <!-- closeBrowser -->
      </class> <!-- demo.TestCases -->
    </test> <!-- Test Cases for Buildout -->
  </suite> <!-- Test Suite for Buildout -->
</testng-results>
