<?xml version="1.0" encoding="UTF-8"?>
<testng-results total="4" passed="4" failed="0" skipped="0">
  <reporter-output>
  </reporter-output>
  <suite started-at="2024-08-27T14:43:16Z" name="Test Suite for Buildout" finished-at="2024-08-27T14:44:53Z" duration-ms="97273">
    <groups>
    </groups>
    <test started-at="2024-08-27T14:43:16Z" name="Test Cases for Buildout" finished-at="2024-08-27T14:44:53Z" duration-ms="97273">
      <class name="demo.TestCases">
        <test-method is-config="true" signature="startBrowser()[pri:0, instance:demo.TestCases@485e36bc]" started-at="2024-08-27T20:13:16Z" name="startBrowser" finished-at="2024-08-27T20:13:28Z" duration-ms="11826" status="PASS">
          <reporter-output>
          </reporter-output>
        </test-method> <!-- startBrowser -->
        <test-method signature="testCase01()[pri:0, instance:demo.TestCases@485e36bc]" started-at="2024-08-27T20:13:28Z" name="testCase01" finished-at="2024-08-27T20:13:36Z" duration-ms="8214" status="PASS">
          <reporter-output>
          </reporter-output>
        </test-method> <!-- testCase01 -->
        <test-method signature="testCase02()[pri:0, instance:demo.TestCases@485e36bc]" started-at="2024-08-27T20:13:36Z" name="testCase02" finished-at="2024-08-27T20:13:53Z" duration-ms="17421" status="PASS">
          <reporter-output>
          </reporter-output>
        </test-method> <!-- testCase02 -->
        <test-method signature="testCase03()[pri:0, instance:demo.TestCases@485e36bc]" started-at="2024-08-27T20:13:53Z" name="testCase03" finished-at="2024-08-27T20:14:00Z" duration-ms="6546" status="PASS">
          <reporter-output>
          </reporter-output>
        </test-method> <!-- testCase03 -->
        <test-method signature="testCase04()[pri:0, instance:demo.TestCases@485e36bc]" started-at="2024-08-27T20:14:00Z" name="testCase04" finished-at="2024-08-27T20:14:27Z" duration-ms="27021" status="PASS">
          <reporter-output>
          </reporter-output>
        </test-method> <!-- testCase04 -->
        <test-method is-config="true" signature="closeBrowser()[pri:0, instance:demo.TestCases@485e36bc]" started-at="2024-08-27T20:14:27Z" name="closeBrowser" finished-at="2024-08-27T20:14:53Z" duration-ms="26225" status="PASS">
          <reporter-output>
          </reporter-output>
        </test-method> <!-- closeBrowser -->
      </class> <!-- demo.TestCases -->
    </test> <!-- Test Cases for Buildout -->
  </suite> <!-- Test Suite for Buildout -->
</testng-results>
